<component name="libraryTable">
  <library name="junit-platform-engine-1.13.0-M2">
    <CLASSES>
      <root url="jar://$USER_HOME$/Downloads/junit-platform-engine-1.13.0-M2.jar!/" />
    </CLASSES>
    <JAVADOC />
    <SOURCES />
  </library>
</component>